0 info it worked if it ends with ok
1 verbose cli [ '/Users/liru/.nvm/versions/node/v7.7.3/bin/node',
1 verbose cli   '/Users/liru/.nvm/versions/node/v7.7.3/bin/npm',
1 verbose cli   'run',
1 verbose cli   'start' ]
2 info using npm@4.1.2
3 info using node@v7.7.3
4 verbose run-script [ 'prestart', 'start', 'poststart' ]
5 info lifecycle fancyReactAntd@1.0.0~prestart: fancyReactAntd@1.0.0
6 silly lifecycle fancyReactAntd@1.0.0~prestart: no script for prestart, continuing
7 info lifecycle fancyReactAntd@1.0.0~start: fancyReactAntd@1.0.0
8 verbose lifecycle fancyReactAntd@1.0.0~start: unsafe-perm in lifecycle true
9 verbose lifecycle fancyReactAntd@1.0.0~start: PATH: /Users/liru/.nvm/versions/node/v7.7.3/lib/node_modules/npm/bin/node-gyp-bin:/Users/liru/webpack/fancyReactAntd/node_modules/.bin:/Users/liru/bin/Sencha/Cmd/5.1.3.61:/opt/local/bin:/opt/local/sbin:/Users/liru/.nvm/versions/node/v7.7.3/bin:/Users/liru/bin/Sencha/Cmd/5.1.3.61:/usr/local/bin:/usr/bin:/bin:/usr/sbin:/sbin:/Users/liru/Downloads/maven-2.2.1/bin:/Users/liru/.rvm/bin
10 verbose lifecycle fancyReactAntd@1.0.0~start: CWD: /Users/liru/webpack/fancyReactAntd
11 silly lifecycle fancyReactAntd@1.0.0~start: Args: [ '-c',
11 silly lifecycle   'webpack-dev-server --inline --progress --colors --devtool eval' ]
12 silly lifecycle fancyReactAntd@1.0.0~start: Returned: code: 1  signal: null
13 info lifecycle fancyReactAntd@1.0.0~start: Failed to exec start script
14 verbose stack Error: fancyReactAntd@1.0.0 start: `webpack-dev-server --inline --progress --colors --devtool eval`
14 verbose stack Exit status 1
14 verbose stack     at EventEmitter.<anonymous> (/Users/liru/.nvm/versions/node/v7.7.3/lib/node_modules/npm/lib/utils/lifecycle.js:279:16)
14 verbose stack     at emitTwo (events.js:106:13)
14 verbose stack     at EventEmitter.emit (events.js:194:7)
14 verbose stack     at ChildProcess.<anonymous> (/Users/liru/.nvm/versions/node/v7.7.3/lib/node_modules/npm/lib/utils/spawn.js:40:14)
14 verbose stack     at emitTwo (events.js:106:13)
14 verbose stack     at ChildProcess.emit (events.js:194:7)
14 verbose stack     at maybeClose (internal/child_process.js:899:16)
14 verbose stack     at Process.ChildProcess._handle.onexit (internal/child_process.js:226:5)
15 verbose pkgid fancyReactAntd@1.0.0
16 verbose cwd /Users/liru/webpack/fancyReactAntd
17 error Darwin 16.0.0
18 error argv "/Users/liru/.nvm/versions/node/v7.7.3/bin/node" "/Users/liru/.nvm/versions/node/v7.7.3/bin/npm" "run" "start"
19 error node v7.7.3
20 error npm  v4.1.2
21 error code ELIFECYCLE
22 error fancyReactAntd@1.0.0 start: `webpack-dev-server --inline --progress --colors --devtool eval`
22 error Exit status 1
23 error Failed at the fancyReactAntd@1.0.0 start script 'webpack-dev-server --inline --progress --colors --devtool eval'.
23 error Make sure you have the latest version of node.js and npm installed.
23 error If you do, this is most likely a problem with the fancyReactAntd package,
23 error not with npm itself.
23 error Tell the author that this fails on your system:
23 error     webpack-dev-server --inline --progress --colors --devtool eval
23 error You can get information on how to open an issue for this project with:
23 error     npm bugs fancyReactAntd
23 error Or if that isn't available, you can get their info via:
23 error     npm owner ls fancyReactAntd
23 error There is likely additional logging output above.
24 verbose exit [ 1, true ]
